2018/01/20 01:30:28 [error] [exception.CException] CException: SiteController and its behaviors do not have a method or closure named "url". in /var/www/html/invzo/yii-master/framework/base/CComponent.php:266
Stack trace:
#0 /var/www/html/invzo/yii-master/honda_admin/protected/views/layouts/main.php(85): CComponent->__call('url', Array)
#1 /var/www/html/invzo/yii-master/framework/web/CBaseController.php(126): require('/var/www/html/i...')
#2 /var/www/html/invzo/yii-master/framework/web/CBaseController.php(95): CBaseController->renderInternal('/var/www/html/i...', Array, true)
#3 /var/www/html/invzo/yii-master/framework/web/widgets/CContentDecorator.php(76): CBaseController->renderFile('/var/www/html/i...', Array, true)
#4 /var/www/html/invzo/yii-master/framework/web/widgets/CContentDecorator.php(54): CContentDecorator->decorate('<div id="conten...')
#5 /var/www/html/invzo/yii-master/framework/web/widgets/COutputProcessor.php(44): CContentDecorator->processOutput('<div id="conten...')
#6 /var/www/html/invzo/yii-master/framework/web/CBaseController.php(215): COutputProcessor->run()
#7 /var/www/html/invzo/yii-master/framework/web/CBaseController.php(309): CBaseController->endWidget('CContentDecorat...')
#8 /var/www/html/invzo/yii-master/honda_admin/protected/views/layouts/column1.php(6): CBaseController->endContent()
#9 /var/www/html/invzo/yii-master/framework/web/CBaseController.php(126): require('/var/www/html/i...')
#10 /var/www/html/invzo/yii-master/framework/web/CBaseController.php(95): CBaseController->renderInternal('/var/www/html/i...', Array, true)
#11 /var/www/html/invzo/yii-master/framework/web/CController.php(787): CBaseController->renderFile('/var/www/html/i...', Array, true)
#12 /var/www/html/invzo/yii-master/honda_admin/protected/controllers/SiteController.php(32): CController->render('index')
#13 /var/www/html/invzo/yii-master/framework/web/actions/CInlineAction.php(49): SiteController->actionIndex()
#14 /var/www/html/invzo/yii-master/framework/web/CController.php(308): CInlineAction->runWithParams(Array)
#15 /var/www/html/invzo/yii-master/framework/web/CController.php(286): CController->runAction(Object(CInlineAction))
#16 /var/www/html/invzo/yii-master/framework/web/CController.php(265): CController->runActionWithFilters(Object(CInlineAction), Array)
#17 /var/www/html/invzo/yii-master/framework/web/CWebApplication.php(282): CController->run('')
#18 /var/www/html/invzo/yii-master/framework/web/CWebApplication.php(141): CWebApplication->runController('')
#19 /var/www/html/invzo/yii-master/framework/base/CApplication.php(185): CWebApplication->processRequest()
#20 /var/www/html/invzo/yii-master/honda_admin/index.php(13): CApplication->run()
#21 {main}
REQUEST_URI=/invzo/yii-master/honda_admin/index.php
---
2018/01/20 01:31:32 [error] [exception.CHttpException.404] CHttpException: The system is unable to find the requested action "index.html". in /var/www/html/invzo/yii-master/framework/web/CController.php:486
Stack trace:
#0 /var/www/html/invzo/yii-master/framework/web/CController.php(270): CController->missingAction('index.html')
#1 /var/www/html/invzo/yii-master/framework/web/CWebApplication.php(282): CController->run('index.html')
#2 /var/www/html/invzo/yii-master/framework/web/CWebApplication.php(141): CWebApplication->runController('site/index.html')
#3 /var/www/html/invzo/yii-master/framework/base/CApplication.php(185): CWebApplication->processRequest()
#4 /var/www/html/invzo/yii-master/honda_admin/index.php(13): CApplication->run()
#5 {main}
REQUEST_URI=/invzo/yii-master/honda_admin/index.php/site/index.html
HTTP_REFERER=http://localhost/invzo/yii-master/honda_admin/index.php/site/login
---
